<?xml version="1.0" encoding="UTF-8"?>
<coverage generated="1720467712938" clover="3.2.0">
  <project timestamp="1720467712939" name="All files">
    <metrics statements="5" coveredstatements="5" conditionals="4" coveredconditionals="2" methods="0" coveredmethods="0" elements="9" coveredelements="7" complexity="0" loc="5" ncloc="5" packages="1" files="1" classes="1"/>
    <file name="config.ts" path="/home/khal/Desktop/hng-task2/src/config.ts">
      <metrics statements="5" coveredstatements="5" conditionals="4" coveredconditionals="2" methods="0" coveredmethods="0"/>
      <line num="1" count="1" type="stmt"/>
      <line num="2" count="1" type="stmt"/>
      <line num="5" count="1" type="cond" truecount="1" falsecount="1"/>
      <line num="7" count="1" type="stmt"/>
      <line num="11" count="1" type="stmt"/>
    </file>
  </project>
</coverage>
